[2022-11-09T10:19:57.561] [ERROR] error - 
------------------------ GET /api/users/getUserInfo
request client ip: ::1
request query: {}

response time: 98ms
err name: TypeError
err message: Cannot read properties of undefined (reading 'render')
err stack: TypeError: Cannot read properties of undefined (reading 'render')
    at responseInterface (D:\mySpace\wwkBlogServer\utils\index.ts:27:13)
    at getUserInfo (D:\mySpace\wwkBlogServer\controllers\user.js:7:5)
    at processTicksAndRejections (node:internal/process/task_queues:96:5)
    at async D:\mySpace\wwkBlogServer\app.js:53:3
    at async session (D:\mySpace\wwkBlogServer\node_modules\koa-session\index.js:41:7)
    at async D:\mySpace\wwkBlogServer\middlewares\logger.js:11:13
    at async serve (D:\mySpace\wwkBlogServer\node_modules\koa-static\index.js:53:9)
    at async logger (D:\mySpace\wwkBlogServer\node_modules\koa-logger\index.js:67:7)
    at async bodyParser (D:\mySpace\wwkBlogServer\node_modules\koa-bodyparser\index.js:95:5)
------------------------ end

[2022-11-09T10:21:00.150] [ERROR] error - 
------------------------ GET /api/users/getUserInfo
request client ip: ::1
request query: {}

response time: 98ms
err name: Error
err message: ER_NO_SUCH_TABLE: Table 'blog.aa' doesn't exist
err stack: Error: ER_NO_SUCH_TABLE: Table 'blog.aa' doesn't exist
    at Query.Sequence._packetToError (D:\mySpace\wwkBlogServer\node_modules\mysql\lib\protocol\sequences\Sequence.js:47:14)
    at Query.ErrorPacket (D:\mySpace\wwkBlogServer\node_modules\mysql\lib\protocol\sequences\Query.js:79:18)
    at Protocol._parsePacket (D:\mySpace\wwkBlogServer\node_modules\mysql\lib\protocol\Protocol.js:291:23)
    at Parser._parsePacket (D:\mySpace\wwkBlogServer\node_modules\mysql\lib\protocol\Parser.js:433:10)
    at Parser.write (D:\mySpace\wwkBlogServer\node_modules\mysql\lib\protocol\Parser.js:43:10)
    at Protocol.write (D:\mySpace\wwkBlogServer\node_modules\mysql\lib\protocol\Protocol.js:38:16)
    at Socket.<anonymous> (D:\mySpace\wwkBlogServer\node_modules\mysql\lib\Connection.js:88:28)
    at Socket.<anonymous> (D:\mySpace\wwkBlogServer\node_modules\mysql\lib\Connection.js:526:10)
    at Socket.emit (node:events:527:28)
    at addChunk (node:internal/streams/readable:315:12)
    at readableAddChunk (node:internal/streams/readable:289:9)
    at Socket.Readable.push (node:internal/streams/readable:228:10)
    at TCP.onStreamRead (node:internal/stream_base_commons:190:23)
    --------------------
    at Protocol._enqueue (D:\mySpace\wwkBlogServer\node_modules\mysql\lib\protocol\Protocol.js:144:48)
    at PoolConnection.query (D:\mySpace\wwkBlogServer\node_modules\mysql\lib\Connection.js:198:25)
    at D:\mySpace\wwkBlogServer\db\config.ts:16:24
    at Handshake.onConnect (D:\mySpace\wwkBlogServer\node_modules\mysql\lib\Pool.js:64:7)
    at Handshake.<anonymous> (D:\mySpace\wwkBlogServer\node_modules\mysql\lib\Connection.js:526:10)
    at Handshake._callback (D:\mySpace\wwkBlogServer\node_modules\mysql\lib\Connection.js:488:16)
    at Handshake.Sequence.end (D:\mySpace\wwkBlogServer\node_modules\mysql\lib\protocol\sequences\Sequence.js:83:24)
    at Handshake.Sequence.OkPacket (D:\mySpace\wwkBlogServer\node_modules\mysql\lib\protocol\sequences\Sequence.js:92:8)
    at Protocol._parsePacket (D:\mySpace\wwkBlogServer\node_modules\mysql\lib\protocol\Protocol.js:291:23)
    at Parser._parsePacket (D:\mySpace\wwkBlogServer\node_modules\mysql\lib\protocol\Parser.js:433:10)
    at Parser.write (D:\mySpace\wwkBlogServer\node_modules\mysql\lib\protocol\Parser.js:43:10)
    at Protocol.write (D:\mySpace\wwkBlogServer\node_modules\mysql\lib\protocol\Protocol.js:38:16)
    at Socket.<anonymous> (D:\mySpace\wwkBlogServer\node_modules\mysql\lib\Connection.js:88:28)
    at Socket.<anonymous> (D:\mySpace\wwkBlogServer\node_modules\mysql\lib\Connection.js:526:10)
    at Socket.emit (node:events:527:28)
    at addChunk (node:internal/streams/readable:315:12)
------------------------ end

[2022-11-09T10:21:37.208] [ERROR] error - 
------------------------ GET /api/users/getUserInfo
request client ip: ::1
request query: {}

response time: 107ms
err name: Error
err message: ER_NO_SUCH_TABLE: Table 'blog.aa' doesn't exist
err stack: Error: ER_NO_SUCH_TABLE: Table 'blog.aa' doesn't exist
    at Query.Sequence._packetToError (D:\mySpace\wwkBlogServer\node_modules\mysql\lib\protocol\sequences\Sequence.js:47:14)
    at Query.ErrorPacket (D:\mySpace\wwkBlogServer\node_modules\mysql\lib\protocol\sequences\Query.js:79:18)
    at Protocol._parsePacket (D:\mySpace\wwkBlogServer\node_modules\mysql\lib\protocol\Protocol.js:291:23)
    at Parser._parsePacket (D:\mySpace\wwkBlogServer\node_modules\mysql\lib\protocol\Parser.js:433:10)
    at Parser.write (D:\mySpace\wwkBlogServer\node_modules\mysql\lib\protocol\Parser.js:43:10)
    at Protocol.write (D:\mySpace\wwkBlogServer\node_modules\mysql\lib\protocol\Protocol.js:38:16)
    at Socket.<anonymous> (D:\mySpace\wwkBlogServer\node_modules\mysql\lib\Connection.js:88:28)
    at Socket.<anonymous> (D:\mySpace\wwkBlogServer\node_modules\mysql\lib\Connection.js:526:10)
    at Socket.emit (node:events:527:28)
    at addChunk (node:internal/streams/readable:315:12)
    at readableAddChunk (node:internal/streams/readable:289:9)
    at Socket.Readable.push (node:internal/streams/readable:228:10)
    at TCP.onStreamRead (node:internal/stream_base_commons:190:23)
    --------------------
    at Protocol._enqueue (D:\mySpace\wwkBlogServer\node_modules\mysql\lib\protocol\Protocol.js:144:48)
    at PoolConnection.query (D:\mySpace\wwkBlogServer\node_modules\mysql\lib\Connection.js:198:25)
    at D:\mySpace\wwkBlogServer\db\config.ts:16:24
    at Handshake.onConnect (D:\mySpace\wwkBlogServer\node_modules\mysql\lib\Pool.js:64:7)
    at Handshake.<anonymous> (D:\mySpace\wwkBlogServer\node_modules\mysql\lib\Connection.js:526:10)
    at Handshake._callback (D:\mySpace\wwkBlogServer\node_modules\mysql\lib\Connection.js:488:16)
    at Handshake.Sequence.end (D:\mySpace\wwkBlogServer\node_modules\mysql\lib\protocol\sequences\Sequence.js:83:24)
    at Handshake.Sequence.OkPacket (D:\mySpace\wwkBlogServer\node_modules\mysql\lib\protocol\sequences\Sequence.js:92:8)
    at Protocol._parsePacket (D:\mySpace\wwkBlogServer\node_modules\mysql\lib\protocol\Protocol.js:291:23)
    at Parser._parsePacket (D:\mySpace\wwkBlogServer\node_modules\mysql\lib\protocol\Parser.js:433:10)
    at Parser.write (D:\mySpace\wwkBlogServer\node_modules\mysql\lib\protocol\Parser.js:43:10)
    at Protocol.write (D:\mySpace\wwkBlogServer\node_modules\mysql\lib\protocol\Protocol.js:38:16)
    at Socket.<anonymous> (D:\mySpace\wwkBlogServer\node_modules\mysql\lib\Connection.js:88:28)
    at Socket.<anonymous> (D:\mySpace\wwkBlogServer\node_modules\mysql\lib\Connection.js:526:10)
    at Socket.emit (node:events:527:28)
    at addChunk (node:internal/streams/readable:315:12)
------------------------ end

[2022-11-09T10:22:34.166] [ERROR] error - 
------------------------ GET /api/users/getUserInfo
request client ip: ::1
request query: {}

response time: 94ms
err name: Error
err message: ER_NO_SUCH_TABLE: Table 'blog.aa' doesn't exist
err stack: Error: ER_NO_SUCH_TABLE: Table 'blog.aa' doesn't exist
    at Query.Sequence._packetToError (D:\mySpace\wwkBlogServer\node_modules\mysql\lib\protocol\sequences\Sequence.js:47:14)
    at Query.ErrorPacket (D:\mySpace\wwkBlogServer\node_modules\mysql\lib\protocol\sequences\Query.js:79:18)
    at Protocol._parsePacket (D:\mySpace\wwkBlogServer\node_modules\mysql\lib\protocol\Protocol.js:291:23)
    at Parser._parsePacket (D:\mySpace\wwkBlogServer\node_modules\mysql\lib\protocol\Parser.js:433:10)
    at Parser.write (D:\mySpace\wwkBlogServer\node_modules\mysql\lib\protocol\Parser.js:43:10)
    at Protocol.write (D:\mySpace\wwkBlogServer\node_modules\mysql\lib\protocol\Protocol.js:38:16)
    at Socket.<anonymous> (D:\mySpace\wwkBlogServer\node_modules\mysql\lib\Connection.js:88:28)
    at Socket.<anonymous> (D:\mySpace\wwkBlogServer\node_modules\mysql\lib\Connection.js:526:10)
    at Socket.emit (node:events:527:28)
    at addChunk (node:internal/streams/readable:315:12)
    at readableAddChunk (node:internal/streams/readable:289:9)
    at Socket.Readable.push (node:internal/streams/readable:228:10)
    at TCP.onStreamRead (node:internal/stream_base_commons:190:23)
    --------------------
    at Protocol._enqueue (D:\mySpace\wwkBlogServer\node_modules\mysql\lib\protocol\Protocol.js:144:48)
    at PoolConnection.query (D:\mySpace\wwkBlogServer\node_modules\mysql\lib\Connection.js:198:25)
    at D:\mySpace\wwkBlogServer\db\config.ts:16:24
    at Handshake.onConnect (D:\mySpace\wwkBlogServer\node_modules\mysql\lib\Pool.js:64:7)
    at Handshake.<anonymous> (D:\mySpace\wwkBlogServer\node_modules\mysql\lib\Connection.js:526:10)
    at Handshake._callback (D:\mySpace\wwkBlogServer\node_modules\mysql\lib\Connection.js:488:16)
    at Handshake.Sequence.end (D:\mySpace\wwkBlogServer\node_modules\mysql\lib\protocol\sequences\Sequence.js:83:24)
    at Handshake.Sequence.OkPacket (D:\mySpace\wwkBlogServer\node_modules\mysql\lib\protocol\sequences\Sequence.js:92:8)
    at Protocol._parsePacket (D:\mySpace\wwkBlogServer\node_modules\mysql\lib\protocol\Protocol.js:291:23)
    at Parser._parsePacket (D:\mySpace\wwkBlogServer\node_modules\mysql\lib\protocol\Parser.js:433:10)
    at Parser.write (D:\mySpace\wwkBlogServer\node_modules\mysql\lib\protocol\Parser.js:43:10)
    at Protocol.write (D:\mySpace\wwkBlogServer\node_modules\mysql\lib\protocol\Protocol.js:38:16)
    at Socket.<anonymous> (D:\mySpace\wwkBlogServer\node_modules\mysql\lib\Connection.js:88:28)
    at Socket.<anonymous> (D:\mySpace\wwkBlogServer\node_modules\mysql\lib\Connection.js:526:10)
    at Socket.emit (node:events:527:28)
    at addChunk (node:internal/streams/readable:315:12)
------------------------ end

[2022-11-09T10:23:05.286] [ERROR] error - 
------------------------ GET /api/users/getUserInfo
request client ip: ::1
request query: {}

response time: 103ms
err name: ReferenceError
err message: res is not defined
err stack: ReferenceError: res is not defined
    at getUserInfo (D:\mySpace\wwkBlogServer\controllers\user.js:16:23)
    at processTicksAndRejections (node:internal/process/task_queues:96:5)
    at async D:\mySpace\wwkBlogServer\app.js:53:3
    at async session (D:\mySpace\wwkBlogServer\node_modules\koa-session\index.js:41:7)
    at async D:\mySpace\wwkBlogServer\middlewares\logger.js:11:13
    at async serve (D:\mySpace\wwkBlogServer\node_modules\koa-static\index.js:53:9)
    at async logger (D:\mySpace\wwkBlogServer\node_modules\koa-logger\index.js:67:7)
    at async bodyParser (D:\mySpace\wwkBlogServer\node_modules\koa-bodyparser\index.js:95:5)
------------------------ end

[2022-11-09T15:14:12.617] [ERROR] error - 
------------------------ GET /api/users/getUserInfo
request client ip: ::1
request query: {}

response time: 101ms
err name: ReferenceError
err message: res is not defined
err stack: ReferenceError: res is not defined
    at getUserInfo (D:\mySpace\wwkBlogServer\controllers\user.js:19:23)
    at processTicksAndRejections (node:internal/process/task_queues:96:5)
    at async D:\mySpace\wwkBlogServer\app.js:53:3
    at async session (D:\mySpace\wwkBlogServer\node_modules\koa-session\index.js:41:7)
    at async D:\mySpace\wwkBlogServer\middlewares\logger.js:11:13
    at async serve (D:\mySpace\wwkBlogServer\node_modules\koa-static\index.js:53:9)
    at async logger (D:\mySpace\wwkBlogServer\node_modules\koa-logger\index.js:67:7)
    at async bodyParser (D:\mySpace\wwkBlogServer\node_modules\koa-bodyparser\index.js:95:5)
------------------------ end

